<?xml version="1.0" encoding="UTF-8"?>
<!-- Generated by org.testng.reporters.JUnitReportReporter -->
<testsuite hostname="DESKTOP-GOBHHVJ" failures="0" tests="1" name="com.example.tests.CT01ValidarLayout" time="10.565" errors="0" timestamp="2021-05-27T00:23:28 BRT" skipped="0">
  <testcase classname="com.example.tests.CT01ValidarLayout" name="testCT01ValidarLayout" time="10.565"/>
  <system-out/>
</testsuite> <!-- com.example.tests.CT01ValidarLayout -->
